<?xml version="1.0" encoding="UTF-8"?>
<!-- Generated by org.testng.reporters.JUnitReportReporter -->
<testsuite skipped="0" hostname="windows7-PC" name="com.vTiger.testscripts.TC_2Test" tests="1" failures="0" timestamp="30 Jun 2021 14:20:25 GMT" time="13.200" errors="0">
  <testcase name="testcase2" time="13.200" classname="com.vTiger.testscripts.TC_2Test"/>
</testsuite> <!-- com.vTiger.testscripts.TC_2Test -->
